<?xml version="1.0" encoding="UTF-8"?>
<testsuite name="model.ReviewTest" tests="8" skipped="0" failures="0" errors="0" timestamp="2021-09-20T23:20:16" hostname="allans-elitebook-840-g5" time="0.028">
  <properties/>
  <testcase name="getWrittenBy()" classname="model.ReviewTest" time="0.017"/>
  <testcase name="getRestaurantId()" classname="model.ReviewTest" time="0.0"/>
  <testcase name="setContent()" classname="model.ReviewTest" time="0.001"/>
  <testcase name="setRestaurantId()" classname="model.ReviewTest" time="0.0"/>
  <testcase name="setWrittenBy()" classname="model.ReviewTest" time="0.001"/>
  <testcase name="setRating()" classname="model.ReviewTest" time="0.001"/>
  <testcase name="getRating()" classname="model.ReviewTest" time="0.001"/>
  <testcase name="getContent()" classname="model.ReviewTest" time="0.001"/>
  <system-out><![CDATA[]]></system-out>
  <system-err><![CDATA[]]></system-err>
</testsuite>
